15:53:34 **** Incremental Build of configuration Debug for project timer_5s_HAL ****
make -j12 all 
arm-none-eabi-gcc -o "timer_5s_HAL.elf" @"objects.list"   -mcpu=cortex-m7 -T"/home/invadl0640/Desktop/STM32 Codes/timer_5s_HAL/STM32F746NGHX_FLASH.ld" --specs=nosys.specs -Wl,-Map="timer_5s_HAL.map" -Wl,--gc-sections -static --specs=nano.specs -mfpu=fpv5-sp-d16 -mfloat-abi=hard -mthumb -Wl,--start-group -lc -lm -Wl,--end-group
/opt/st/stm32cubeide_1.18.1/plugins/com.st.stm32cube.ide.mcu.externaltools.gnu-tools-for-stm32.13.3.rel1.linux64_1.0.0.202410170706/tools/bin/../lib/gcc/arm-none-eabi/13.3.1/../../../../arm-none-eabi/bin/ld: ./Core/Src/main.o: in function `main':
/home/invadl0640/Desktop/STM32 Codes/timer_5s_HAL/Debug/../Core/Src/main.c:123:(.text.main+0x26): undefined reference to `HAL_TIM_Base_Start'
/opt/st/stm32cubeide_1.18.1/plugins/com.st.stm32cube.ide.mcu.externaltools.gnu-tools-for-stm32.13.3.rel1.linux64_1.0.0.202410170706/tools/bin/../lib/gcc/arm-none-eabi/13.3.1/../../../../arm-none-eabi/bin/ld: /home/invadl0640/Desktop/STM32 Codes/timer_5s_HAL/Debug/../Core/Src/main.c:126:(.text.main+0x46): undefined reference to `HAL_TIM_Base_Stop'
/opt/st/stm32cubeide_1.18.1/plugins/com.st.stm32cube.ide.mcu.externaltools.gnu-tools-for-stm32.13.3.rel1.linux64_1.0.0.202410170706/tools/bin/../lib/gcc/arm-none-eabi/13.3.1/../../../../arm-none-eabi/bin/ld: ./Core/Src/main.o: in function `MX_TIM6_Init':
/home/invadl0640/Desktop/STM32 Codes/timer_5s_HAL/Debug/../Core/Src/main.c:215:(.text.MX_TIM6_Init+0x34): undefined reference to `HAL_TIM_Base_Init'
/opt/st/stm32cubeide_1.18.1/plugins/com.st.stm32cube.ide.mcu.externaltools.gnu-tools-for-stm32.13.3.rel1.linux64_1.0.0.202410170706/tools/bin/../lib/gcc/arm-none-eabi/13.3.1/../../../../arm-none-eabi/bin/ld: /home/invadl0640/Desktop/STM32 Codes/timer_5s_HAL/Debug/../Core/Src/main.c:221:(.text.MX_TIM6_Init+0x50): undefined reference to `HAL_TIMEx_MasterConfigSynchronization'
collect2: error: ld returned 1 exit status
make: *** [makefile:64: timer_5s_HAL.elf] Error 1
"make -j12 all" terminated with exit code 2. Build might be incomplete.

15:53:34 Build Failed. 5 errors, 0 warnings. (took 246ms)

